
> orchid-dashboard@0.1.0 build
> next build

   ▲ Next.js 15.5.7
   - Environments: .env.local

   Creating an optimized production build ...
 ✓ Compiled successfully in 9.8s
   Linting and checking validity of types ...
   Collecting page data ...
   Generating static pages (0/8) ...
   Generating static pages (2/8) 
   Generating static pages (4/8) 
   Generating static pages (6/8) 
 ✓ Generating static pages (8/8)
   Finalizing page optimization ...
   Collecting build traces ...

Route (app)                                 Size  First Load JS
┌ ○ /                                    8.62 kB         246 kB
├ ○ /_not-found                            994 B         103 kB
├ ○ /admin/responders                    2.95 kB         240 kB
├ ƒ /api/responders                        126 B         102 kB
├ ƒ /api/responders/[uid]                  126 B         102 kB
├ ○ /inject                              6.14 kB         244 kB
└ ○ /responder                           7.37 kB         245 kB
+ First Load JS shared by all             102 kB
  ├ chunks/255-47484af636b98715.js       45.8 kB
  ├ chunks/4bd1b696-c023c6e3521b1417.js  54.2 kB
  └ other shared chunks (total)          1.96 kB


○  (Static)   prerendered as static content
ƒ  (Dynamic)  server-rendered on demand

